<?xml version="1.0" encoding="UTF-8"?>
<testsuite xmlns:xsi="http://www.w3.org/2001/XMLSchema-instance" xsi:noNamespaceSchemaLocation="https://maven.apache.org/surefire/maven-surefire-plugin/xsd/surefire-test-report.xsd" version="3.0.2" name="com.example.HOSIX.AGiRH.ApplicationTests" time="13.77" tests="1" errors="0" skipped="0" failures="0">
  <properties>
[...]
</properties>
  <testcase name="contextLoads" classname="com.example.HOSIX.AGiRH.ApplicationTests" time="0.482">
    <system-out><![CDATA[13:47:58.007 [main] INFO org.springframework.test.context.support.AnnotationConfigContextLoaderUtils -- Could not detect default configuration classes for test class [com.example.HOSIX.AGiRH.ApplicationTests]: ApplicationTests does not declare any static, non-private, non-final, nested classes annotated with @Configuration.
13:47:58.223 [main] INFO org.springframework.boot.test.context.SpringBootTestContextBootstrapper -- Found @SpringBootConfiguration com.example.HOSIX.AGiRH.Application for test class com.example.HOSIX.AGiRH.ApplicationTests

  .   ____          _            __ _ _
 /\\ / ___'_ __ _ _(_)_ __  __ _ \ \ \ \
( ( )\___ | '_ | '_| | '_ \/ _` | \ \ \ \
 \\/  ___)| |_)| | | | | || (_| |  ) ) ) )
  '  |____| .__|_| |_|_| |_\__, | / / / /
 =========|_|==============|___/=/_/_/_/

 :: Spring Boot ::                (v3.5.4)

2025-08-06T13:47:59.016+01:00  INFO 20944 --- [HOSIX-AGiRH] [           main] c.example.HOSIX.AGiRH.ApplicationTests   : Starting ApplicationTests using Java 24.0.1 with PID 20944 (started by hp in C:\Users\hp\OneDrive\Desktop\MONProjet\backend)
2025-08-06T13:47:59.019+01:00  INFO 20944 --- [HOSIX-AGiRH] [           main] c.example.HOSIX.AGiRH.ApplicationTests   : No active profile set, falling back to 1 default profile: "default"
2025-08-06T13:48:00.658+01:00  INFO 20944 --- [HOSIX-AGiRH] [           main] .s.d.r.c.RepositoryConfigurationDelegate : Bootstrapping Spring Data JPA repositories in DEFAULT mode.
2025-08-06T13:48:00.823+01:00  INFO 20944 --- [HOSIX-AGiRH] [           main] .s.d.r.c.RepositoryConfigurationDelegate : Finished Spring Data repository scanning in 128 ms. Found 1 JPA repository interface.
2025-08-06T13:48:00.828+01:00  INFO 20944 --- [HOSIX-AGiRH] [           main] .s.d.r.c.RepositoryConfigurationDelegate : Bootstrapping Spring Data JPA repositories in DEFAULT mode.
2025-08-06T13:48:00.847+01:00  INFO 20944 --- [HOSIX-AGiRH] [           main] .s.d.r.c.RepositoryConfigurationDelegate : Finished Spring Data repository scanning in 13 ms. Found 1 JPA repository interface.
2025-08-06T13:48:00.850+01:00  INFO 20944 --- [HOSIX-AGiRH] [           main] .s.d.r.c.RepositoryConfigurationDelegate : Bootstrapping Spring Data JPA repositories in DEFAULT mode.
2025-08-06T13:48:00.868+01:00  INFO 20944 --- [HOSIX-AGiRH] [           main] .s.d.r.c.RepositoryConfigurationDelegate : Finished Spring Data repository scanning in 13 ms. Found 1 JPA repository interface.
2025-08-06T13:48:00.869+01:00  INFO 20944 --- [HOSIX-AGiRH] [           main] .s.d.r.c.RepositoryConfigurationDelegate : Bootstrapping Spring Data JPA repositories in DEFAULT mode.
2025-08-06T13:48:00.885+01:00  INFO 20944 --- [HOSIX-AGiRH] [           main] .s.d.r.c.RepositoryConfigurationDelegate : Finished Spring Data repository scanning in 12 ms. Found 1 JPA repository interface.
2025-08-06T13:48:02.707+01:00  INFO 20944 --- [HOSIX-AGiRH] [           main] o.hibernate.jpa.internal.util.LogHelper  : HHH000204: Processing PersistenceUnitInfo [name: new]
2025-08-06T13:48:02.904+01:00  INFO 20944 --- [HOSIX-AGiRH] [           main] org.hibernate.Version                    : HHH000412: Hibernate ORM core version 6.6.22.Final
2025-08-06T13:48:03.001+01:00  INFO 20944 --- [HOSIX-AGiRH] [           main] o.h.c.internal.RegionFactoryInitiator    : HHH000026: Second-level cache disabled
2025-08-06T13:48:03.809+01:00  INFO 20944 --- [HOSIX-AGiRH] [           main] o.s.o.j.p.SpringPersistenceUnitInfo      : No LoadTimeWeaver setup: ignoring JPA class transformer
2025-08-06T13:48:03.887+01:00  INFO 20944 --- [HOSIX-AGiRH] [           main] com.zaxxer.hikari.HikariDataSource       : HikariPool-1 - Starting...
2025-08-06T13:48:04.491+01:00  INFO 20944 --- [HOSIX-AGiRH] [           main] com.zaxxer.hikari.pool.HikariPool        : HikariPool-1 - Added connection com.mysql.cj.jdbc.ConnectionImpl@35d114f4
2025-08-06T13:48:04.493+01:00  INFO 20944 --- [HOSIX-AGiRH] [           main] com.zaxxer.hikari.HikariDataSource       : HikariPool-1 - Start completed.
2025-08-06T13:48:04.580+01:00  WARN 20944 --- [HOSIX-AGiRH] [           main] org.hibernate.orm.deprecation            : HHH90000025: MySQL8Dialect does not need to be specified explicitly using 'hibernate.dialect' (remove the property setting and it will be selected by default)
2025-08-06T13:48:04.583+01:00  WARN 20944 --- [HOSIX-AGiRH] [           main] org.hibernate.orm.deprecation            : HHH90000026: MySQL8Dialect has been deprecated; use org.hibernate.dialect.MySQLDialect instead
2025-08-06T13:48:04.631+01:00  INFO 20944 --- [HOSIX-AGiRH] [           main] org.hibernate.orm.connections.pooling    : HHH10001005: Database info:
	Database JDBC URL [Connecting through datasource 'HikariDataSource (HikariPool-1)']
	Database driver: undefined/unknown
	Database version: 8.0
	Autocommit mode: undefined/unknown
	Isolation level: undefined/unknown
	Minimum pool size: undefined/unknown
	Maximum pool size: undefined/unknown
2025-08-06T13:48:06.267+01:00  INFO 20944 --- [HOSIX-AGiRH] [           main] o.h.e.t.j.p.i.JtaPlatformInitiator       : HHH000489: No JTA platform available (set 'hibernate.transaction.jta.platform' to enable JTA platform integration)
2025-08-06T13:48:06.406+01:00  INFO 20944 --- [HOSIX-AGiRH] [           main] j.LocalContainerEntityManagerFactoryBean : Initialized JPA EntityManagerFactory for persistence unit 'new'
2025-08-06T13:48:06.432+01:00  INFO 20944 --- [HOSIX-AGiRH] [           main] o.hibernate.jpa.internal.util.LogHelper  : HHH000204: Processing PersistenceUnitInfo [name: old]
2025-08-06T13:48:06.436+01:00  INFO 20944 --- [HOSIX-AGiRH] [           main] o.h.c.internal.RegionFactoryInitiator    : HHH000026: Second-level cache disabled
2025-08-06T13:48:06.450+01:00  INFO 20944 --- [HOSIX-AGiRH] [           main] o.s.o.j.p.SpringPersistenceUnitInfo      : No LoadTimeWeaver setup: ignoring JPA class transformer
2025-08-06T13:48:06.452+01:00  INFO 20944 --- [HOSIX-AGiRH] [           main] com.zaxxer.hikari.HikariDataSource       : HikariPool-2 - Starting...
2025-08-06T13:48:06.465+01:00  INFO 20944 --- [HOSIX-AGiRH] [           main] com.zaxxer.hikari.pool.HikariPool        : HikariPool-2 - Added connection com.mysql.cj.jdbc.ConnectionImpl@12948e7a
2025-08-06T13:48:06.465+01:00  INFO 20944 --- [HOSIX-AGiRH] [           main] com.zaxxer.hikari.HikariDataSource       : HikariPool-2 - Start completed.
2025-08-06T13:48:06.466+01:00  WARN 20944 --- [HOSIX-AGiRH] [           main] org.hibernate.orm.deprecation            : HHH90000025: MySQL8Dialect does not need to be specified explicitly using 'hibernate.dialect' (remove the property setting and it will be selected by default)
2025-08-06T13:48:06.466+01:00  WARN 20944 --- [HOSIX-AGiRH] [           main] org.hibernate.orm.deprecation            : HHH90000026: MySQL8Dialect has been deprecated; use org.hibernate.dialect.MySQLDialect instead
2025-08-06T13:48:06.466+01:00  INFO 20944 --- [HOSIX-AGiRH] [           main] org.hibernate.orm.connections.pooling    : HHH10001005: Database info:
	Database JDBC URL [Connecting through datasource 'HikariDataSource (HikariPool-2)']
	Database driver: undefined/unknown
	Database version: 8.0
	Autocommit mode: undefined/unknown
	Isolation level: undefined/unknown
	Minimum pool size: undefined/unknown
	Maximum pool size: undefined/unknown
2025-08-06T13:48:06.524+01:00  INFO 20944 --- [HOSIX-AGiRH] [           main] o.h.e.t.j.p.i.JtaPlatformInitiator       : HHH000489: No JTA platform available (set 'hibernate.transaction.jta.platform' to enable JTA platform integration)
2025-08-06T13:48:06.532+01:00  INFO 20944 --- [HOSIX-AGiRH] [           main] j.LocalContainerEntityManagerFactoryBean : Initialized JPA EntityManagerFactory for persistence unit 'old'
2025-08-06T13:48:06.541+01:00  INFO 20944 --- [HOSIX-AGiRH] [           main] o.hibernate.jpa.internal.util.LogHelper  : HHH000204: Processing PersistenceUnitInfo [name: CHUResident]
2025-08-06T13:48:06.545+01:00  INFO 20944 --- [HOSIX-AGiRH] [           main] o.h.c.internal.RegionFactoryInitiator    : HHH000026: Second-level cache disabled
2025-08-06T13:48:06.556+01:00  INFO 20944 --- [HOSIX-AGiRH] [           main] o.s.o.j.p.SpringPersistenceUnitInfo      : No LoadTimeWeaver setup: ignoring JPA class transformer
2025-08-06T13:48:06.557+01:00  INFO 20944 --- [HOSIX-AGiRH] [           main] com.zaxxer.hikari.HikariDataSource       : HikariPool-3 - Starting...
2025-08-06T13:48:06.570+01:00  INFO 20944 --- [HOSIX-AGiRH] [           main] com.zaxxer.hikari.pool.HikariPool        : HikariPool-3 - Added connection com.mysql.cj.jdbc.ConnectionImpl@5625ba2
2025-08-06T13:48:06.570+01:00  INFO 20944 --- [HOSIX-AGiRH] [           main] com.zaxxer.hikari.HikariDataSource       : HikariPool-3 - Start completed.
2025-08-06T13:48:06.571+01:00  WARN 20944 --- [HOSIX-AGiRH] [           main] org.hibernate.orm.deprecation            : HHH90000025: MySQL8Dialect does not need to be specified explicitly using 'hibernate.dialect' (remove the property setting and it will be selected by default)
2025-08-06T13:48:06.571+01:00  WARN 20944 --- [HOSIX-AGiRH] [           main] org.hibernate.orm.deprecation            : HHH90000026: MySQL8Dialect has been deprecated; use org.hibernate.dialect.MySQLDialect instead
2025-08-06T13:48:06.571+01:00  INFO 20944 --- [HOSIX-AGiRH] [           main] org.hibernate.orm.connections.pooling    : HHH10001005: Database info:
	Database JDBC URL [Connecting through datasource 'HikariDataSource (HikariPool-3)']
	Database driver: undefined/unknown
	Database version: 8.0
	Autocommit mode: undefined/unknown
	Isolation level: undefined/unknown
	Minimum pool size: undefined/unknown
	Maximum pool size: undefined/unknown
2025-08-06T13:48:06.640+01:00  INFO 20944 --- [HOSIX-AGiRH] [           main] o.h.e.t.j.p.i.JtaPlatformInitiator       : HHH000489: No JTA platform available (set 'hibernate.transaction.jta.platform' to enable JTA platform integration)
2025-08-06T13:48:06.650+01:00  INFO 20944 --- [HOSIX-AGiRH] [           main] j.LocalContainerEntityManagerFactoryBean : Initialized JPA EntityManagerFactory for persistence unit 'CHUResident'
2025-08-06T13:48:06.663+01:00  INFO 20944 --- [HOSIX-AGiRH] [           main] o.hibernate.jpa.internal.util.LogHelper  : HHH000204: Processing PersistenceUnitInfo [name: hosixResident]
2025-08-06T13:48:06.668+01:00  INFO 20944 --- [HOSIX-AGiRH] [           main] o.h.c.internal.RegionFactoryInitiator    : HHH000026: Second-level cache disabled
2025-08-06T13:48:06.678+01:00  INFO 20944 --- [HOSIX-AGiRH] [           main] o.s.o.j.p.SpringPersistenceUnitInfo      : No LoadTimeWeaver setup: ignoring JPA class transformer
2025-08-06T13:48:06.679+01:00  INFO 20944 --- [HOSIX-AGiRH] [           main] com.zaxxer.hikari.HikariDataSource       : HikariPool-4 - Starting...
2025-08-06T13:48:06.691+01:00  INFO 20944 --- [HOSIX-AGiRH] [           main] com.zaxxer.hikari.pool.HikariPool        : HikariPool-4 - Added connection com.mysql.cj.jdbc.ConnectionImpl@5b58f639
2025-08-06T13:48:06.692+01:00  INFO 20944 --- [HOSIX-AGiRH] [           main] com.zaxxer.hikari.HikariDataSource       : HikariPool-4 - Start completed.
2025-08-06T13:48:06.692+01:00  WARN 20944 --- [HOSIX-AGiRH] [           main] org.hibernate.orm.deprecation            : HHH90000025: MySQL8Dialect does not need to be specified explicitly using 'hibernate.dialect' (remove the property setting and it will be selected by default)
2025-08-06T13:48:06.693+01:00  WARN 20944 --- [HOSIX-AGiRH] [           main] org.hibernate.orm.deprecation            : HHH90000026: MySQL8Dialect has been deprecated; use org.hibernate.dialect.MySQLDialect instead
2025-08-06T13:48:06.693+01:00  INFO 20944 --- [HOSIX-AGiRH] [           main] org.hibernate.orm.connections.pooling    : HHH10001005: Database info:
	Database JDBC URL [Connecting through datasource 'HikariDataSource (HikariPool-4)']
	Database driver: undefined/unknown
	Database version: 8.0
	Autocommit mode: undefined/unknown
	Isolation level: undefined/unknown
	Minimum pool size: undefined/unknown
	Maximum pool size: undefined/unknown
2025-08-06T13:48:06.763+01:00  INFO 20944 --- [HOSIX-AGiRH] [           main] o.h.e.t.j.p.i.JtaPlatformInitiator       : HHH000489: No JTA platform available (set 'hibernate.transaction.jta.platform' to enable JTA platform integration)
2025-08-06T13:48:06.773+01:00  INFO 20944 --- [HOSIX-AGiRH] [           main] j.LocalContainerEntityManagerFactoryBean : Initialized JPA EntityManagerFactory for persistence unit 'hosixResident'
2025-08-06T13:48:07.564+01:00  INFO 20944 --- [HOSIX-AGiRH] [           main] o.s.d.j.r.query.QueryEnhancerFactory     : Hibernate is in classpath; If applicable, HQL parser will be used.
2025-08-06T13:48:10.054+01:00  WARN 20944 --- [HOSIX-AGiRH] [           main] ion$DefaultTemplateResolverConfiguration : Cannot find template location: classpath:/templates/ (please add some templates, check your Thymeleaf configuration, or set spring.thymeleaf.check-template-location=false)
2025-08-06T13:48:10.675+01:00  INFO 20944 --- [HOSIX-AGiRH] [           main] o.s.b.a.e.web.EndpointLinksResolver      : Exposing 1 endpoint beneath base path '/actuator'
2025-08-06T13:48:10.838+01:00  INFO 20944 --- [HOSIX-AGiRH] [           main] c.example.HOSIX.AGiRH.ApplicationTests   : Started ApplicationTests in 12.338 seconds (process running for 13.852)
]]></system-out>
    <system-err><![CDATA[Mockito is currently self-attaching to enable the inline-mock-maker. This will no longer work in future releases of the JDK. Please add Mockito as an agent to your build as described in Mockito's documentation: https://javadoc.io/doc/org.mockito/mockito-core/latest/org.mockito/org/mockito/Mockito.html#0.3
WARNING: A Java agent has been loaded dynamically (C:\Users\hp\.m2\repository\net\bytebuddy\byte-buddy-agent\1.17.6\byte-buddy-agent-1.17.6.jar)
WARNING: If a serviceability tool is in use, please run with -XX:+EnableDynamicAgentLoading to hide this warning
WARNING: If a serviceability tool is not in use, please run with -Djdk.instrument.traceUsage for more information
WARNING: Dynamic loading of agents will be disallowed by default in a future release
]]></system-err>
  </testcase>
</testsuite>